\BOOKMARK [1][-]{section*.1}{Contents}{}% 1
\BOOKMARK [1][-]{section.1}{Module boy}{}% 2
\BOOKMARK [2][-]{subsection.1.1}{Variables}{section.1}% 3
\BOOKMARK [2][-]{subsection.1.2}{Class Boy}{section.1}% 4
\BOOKMARK [3][-]{subsubsection.1.2.1}{Methods}{subsection.1.2}% 5
\BOOKMARK [2][-]{subsection.1.3}{Class Geek}{section.1}% 6
\BOOKMARK [3][-]{subsubsection.1.3.1}{Methods}{subsection.1.3}% 7
\BOOKMARK [2][-]{subsection.1.4}{Class Miser}{section.1}% 8
\BOOKMARK [3][-]{subsubsection.1.4.1}{Methods}{subsection.1.4}% 9
\BOOKMARK [2][-]{subsection.1.5}{Class Generous}{section.1}% 10
\BOOKMARK [3][-]{subsubsection.1.5.1}{Methods}{subsection.1.5}% 11
\BOOKMARK [1][-]{section.2}{Module couple}{}% 12
\BOOKMARK [2][-]{subsection.2.1}{Variables}{section.2}% 13
\BOOKMARK [2][-]{subsection.2.2}{Class Couple}{section.2}% 14
\BOOKMARK [3][-]{subsubsection.2.2.1}{Methods}{subsection.2.2}% 15
\BOOKMARK [1][-]{section.3}{Module gift}{}% 16
\BOOKMARK [2][-]{subsection.3.1}{Variables}{section.3}% 17
\BOOKMARK [2][-]{subsection.3.2}{Class Gift}{section.3}% 18
\BOOKMARK [3][-]{subsubsection.3.2.1}{Methods}{subsection.3.2}% 19
\BOOKMARK [2][-]{subsection.3.3}{Class utilityGift}{section.3}% 20
\BOOKMARK [3][-]{subsubsection.3.3.1}{Methods}{subsection.3.3}% 21
\BOOKMARK [2][-]{subsection.3.4}{Class luxuryGift}{section.3}% 22
\BOOKMARK [3][-]{subsubsection.3.4.1}{Methods}{subsection.3.4}% 23
\BOOKMARK [2][-]{subsection.3.5}{Class essentialGift}{section.3}% 24
\BOOKMARK [3][-]{subsubsection.3.5.1}{Methods}{subsection.3.5}% 25
\BOOKMARK [1][-]{section.4}{Module girl}{}% 26
\BOOKMARK [2][-]{subsection.4.1}{Variables}{section.4}% 27
\BOOKMARK [2][-]{subsection.4.2}{Class Girl}{section.4}% 28
\BOOKMARK [3][-]{subsubsection.4.2.1}{Methods}{subsection.4.2}% 29
\BOOKMARK [2][-]{subsection.4.3}{Class Choosy}{section.4}% 30
\BOOKMARK [3][-]{subsubsection.4.3.1}{Methods}{subsection.4.3}% 31
\BOOKMARK [2][-]{subsection.4.4}{Class Normal}{section.4}% 32
\BOOKMARK [3][-]{subsubsection.4.4.1}{Methods}{subsection.4.4}% 33
\BOOKMARK [2][-]{subsection.4.5}{Class Desperate}{section.4}% 34
\BOOKMARK [3][-]{subsubsection.4.5.1}{Methods}{subsection.4.5}% 35
\BOOKMARK [1][-]{section.5}{Module q10}{}% 36
\BOOKMARK [2][-]{subsection.5.1}{Functions}{section.5}% 37
\BOOKMARK [2][-]{subsection.5.2}{Variables}{section.5}% 38
\BOOKMARK [1][-]{section.6}{Script script-boys\137list\137txt}{}% 39
\BOOKMARK [1][-]{section.7}{Script script-couple\137list\137txt}{}% 40
\BOOKMARK [1][-]{section.8}{Script script-gift\137list\137txt}{}% 41
\BOOKMARK [1][-]{section.9}{Script script-girls\137list\137txt}{}% 42
\BOOKMARK [1][-]{section.10}{Module utility}{}% 43
\BOOKMARK [2][-]{subsection.10.1}{Functions}{section.10}% 44
\BOOKMARK [2][-]{subsection.10.2}{Variables}{section.10}% 45
\BOOKMARK [1][-]{section*.2}{Index}{}% 46
